# JRE version: OpenJDK Runtime Environment (17.0.9) (build 17.0.9+0--11185874)
# Java VM: OpenJDK 64-Bit Server VM (17.0.9+0--11185874, mixed mode, tiered, compressed oops, compressed class ptrs, g1 gc, windows-amd64)
GC Precious Log:
 CPUs: 4 total, 4 available
 Memory: 8078M
 Large Page Support: Disabled
 NUMA Support: Disabled
 Compressed Oops: Enabled (32-bit)
 Heap Region Size: 1M
 Heap Min Capacity: 8M
 Heap Initial Capacity: 128M
 Heap Max Capacity: 2G
 Pre-touch: Disabled
 Parallel Workers: 4
 Concurrent Workers: 1
 Concurrent Refinement Workers: 4
 Periodic GC: Disabled
Heap:
 garbage-first heap   total 168960K, used 117664K [0x0000000080000000, 0x0000000100000000)
  region size 1024K, 28 young (28672K), 6 survivors (6144K)
 Metaspace       used 99996K, committed 100736K, reserved 1179648K
  class space    used 13396K, committed 13760K, reserved 1048576K
GC Heap History (20 events):
Event: 35.825 GC heap before
{Heap before GC invocations=40 (full 0):
 garbage-first heap   total 140288K, used 111692K [0x0000000080000000, 0x0000000100000000)
  region size 1024K, 48 young (49152K), 5 survivors (5120K)
 Metaspace       used 80126K, committed 80704K, reserved 1179648K
  class space    used 10899K, committed 11136K, reserved 1048576K
}
Event: 35.836 GC heap after
{Heap after GC invocations=41 (full 0):
 garbage-first heap   total 140288K, used 69582K [0x0000000080000000, 0x0000000100000000)
  region size 1024K, 4 young (4096K), 4 survivors (4096K)
 Metaspace       used 80126K, committed 80704K, reserved 1179648K
  class space    used 10899K, committed 11136K, reserved 1048576K
}
Event: 36.895 GC heap before
{Heap before GC invocations=41 (full 0):
 garbage-first heap   total 140288K, used 113614K [0x0000000080000000, 0x0000000100000000)
  region size 1024K, 47 young (48128K), 4 survivors (4096K)
 Metaspace       used 83338K, committed 83904K, reserved 1179648K
  class space    used 11379K, committed 11648K, reserved 1048576K
}
Event: 36.907 GC heap after
{Heap after GC invocations=42 (full 0):
 garbage-first heap   total 140288K, used 71684K [0x0000000080000000, 0x0000000100000000)
  region size 1024K, 6 young (6144K), 6 survivors (6144K)
 Metaspace       used 83338K, committed 83904K, reserved 1179648K
  class space    used 11379K, committed 11648K, reserved 1048576K
}
Event: 38.011 GC heap before
{Heap before GC invocations=42 (full 0):
 garbage-first heap   total 140288K, used 114692K [0x0000000080000000, 0x0000000100000000)
  region size 1024K, 48 young (49152K), 6 survivors (6144K)
 Metaspace       used 87558K, committed 88192K, reserved 1179648K
  class space    used 11997K, committed 12288K, reserved 1048576K
}
Event: 38.026 GC heap after
{Heap after GC invocations=43 (full 0):
 garbage-first heap   total 140288K, used 73830K [0x0000000080000000, 0x0000000100000000)
  region size 1024K, 5 young (5120K), 5 survivors (5120K)
 Metaspace       used 87558K, committed 88192K, reserved 1179648K
  class space    used 11997K, committed 12288K, reserved 1048576K
}
Event: 39.278 GC heap before
{Heap before GC invocations=43 (full 0):
 garbage-first heap   total 140288K, used 114790K [0x0000000080000000, 0x0000000100000000)
  region size 1024K, 46 young (47104K), 5 survivors (5120K)
 Metaspace       used 90017K, committed 90624K, reserved 1179648K
  class space    used 12285K, committed 12544K, reserved 1048576K
}
Event: 39.300 GC heap after
{Heap after GC invocations=44 (full 0):
 garbage-first heap   total 168960K, used 78452K [0x0000000080000000, 0x0000000100000000)
  region size 1024K, 6 young (6144K), 6 survivors (6144K)
 Metaspace       used 90017K, committed 90624K, reserved 1179648K
  class space    used 12285K, committed 12544K, reserved 1048576K
}
Event: 40.869 GC heap before
{Heap before GC invocations=44 (full 0):
 garbage-first heap   total 168960K, used 140916K [0x0000000080000000, 0x0000000100000000)
  region size 1024K, 62 young (63488K), 6 survivors (6144K)
 Metaspace       used 92980K, committed 93632K, reserved 1179648K
  class space    used 12648K, committed 12928K, reserved 1048576K
}
Event: 40.891 GC heap after
{Heap after GC invocations=45 (full 0):
 garbage-first heap   total 168960K, used 85852K [0x0000000080000000, 0x0000000100000000)
  region size 1024K, 7 young (7168K), 7 survivors (7168K)
 Metaspace       used 92980K, committed 93632K, reserved 1179648K
  class space    used 12648K, committed 12928K, reserved 1048576K
}
Event: 42.331 GC heap before
{Heap before GC invocations=45 (full 0):
 garbage-first heap   total 168960K, used 135004K [0x0000000080000000, 0x0000000100000000)
  region size 1024K, 56 young (57344K), 7 survivors (7168K)
 Metaspace       used 93505K, committed 94208K, reserved 1179648K
  class space    used 12680K, committed 12992K, reserved 1048576K
}
Event: 42.347 GC heap after
{Heap after GC invocations=46 (full 0):
 garbage-first heap   total 168960K, used 89580K [0x0000000080000000, 0x0000000100000000)
  region size 1024K, 6 young (6144K), 6 survivors (6144K)
 Metaspace       used 93505K, committed 94208K, reserved 1179648K
  class space    used 12680K, committed 12992K, reserved 1048576K
}
Event: 43.724 GC heap before
{Heap before GC invocations=46 (full 0):
 garbage-first heap   total 168960K, used 135660K [0x0000000080000000, 0x0000000100000000)
  region size 1024K, 52 young (53248K), 6 survivors (6144K)
 Metaspace       used 96093K, committed 96832K, reserved 1179648K
  class space    used 12954K, committed 13312K, reserved 1048576K
}
Event: 43.738 GC heap after
{Heap after GC invocations=47 (full 0):
 garbage-first heap   total 168960K, used 92039K [0x0000000080000000, 0x0000000100000000)
  region size 1024K, 4 young (4096K), 4 survivors (4096K)
 Metaspace       used 96093K, committed 96832K, reserved 1179648K
  class space    used 12954K, committed 13312K, reserved 1048576K
}
Event: 49.107 GC heap before
{Heap before GC invocations=47 (full 0):
 garbage-first heap   total 168960K, used 136071K [0x0000000080000000, 0x0000000100000000)
  region size 1024K, 48 young (49152K), 4 survivors (4096K)
 Metaspace       used 96801K, committed 97536K, reserved 1179648K
  class space    used 12969K, committed 13312K, reserved 1048576K
}
Event: 49.118 GC heap after
{Heap after GC invocations=48 (full 0):
 garbage-first heap   total 168960K, used 93194K [0x0000000080000000, 0x0000000100000000)
  region size 1024K, 2 young (2048K), 2 survivors (2048K)
 Metaspace       used 96801K, committed 97536K, reserved 1179648K
  class space    used 12969K, committed 13312K, reserved 1048576K
}
Event: 53.947 GC heap before
{Heap before GC invocations=48 (full 0):
 garbage-first heap   total 168960K, used 138250K [0x0000000080000000, 0x0000000100000000)
  region size 1024K, 47 young (48128K), 2 survivors (2048K)
 Metaspace       used 96992K, committed 97728K, reserved 1179648K
  class space    used 12979K, committed 13312K, reserved 1048576K
}
Event: 53.957 GC heap after
{Heap after GC invocations=49 (full 0):
 garbage-first heap   total 168960K, used 95104K [0x0000000080000000, 0x0000000100000000)
  region size 1024K, 4 young (4096K), 4 survivors (4096K)
 Metaspace       used 96992K, committed 97728K, reserved 1179648K
  class space    used 12979K, committed 13312K, reserved 1048576K
}
Event: 55.441 GC heap before
{Heap before GC invocations=49 (full 0):
 garbage-first heap   total 168960K, used 138112K [0x0000000080000000, 0x0000000100000000)
  region size 1024K, 47 young (48128K), 4 survivors (4096K)
 Metaspace       used 98466K, committed 99136K, reserved 1179648K
  class space    used 13184K, committed 13504K, reserved 1048576K
}
Event: 55.454 GC heap after
{Heap after GC invocations=50 (full 0):
 garbage-first heap   total 168960K, used 97184K [0x0000000080000000, 0x0000000100000000)
  region size 1024K, 6 young (6144K), 6 survivors (6144K)
 Metaspace       used 98466K, committed 99136K, reserved 1179648K
  class space    used 13184K, committed 13504K, reserved 1048576K
}

